<?xml version="1.0" encoding="UTF-8"?>
<coverage generated="1712414236197" clover="3.2.0">
  <project timestamp="1712414236197" name="All files">
    <metrics statements="16" coveredstatements="16" conditionals="14" coveredconditionals="14" methods="1" coveredmethods="1" elements="31" coveredelements="31" complexity="0" loc="16" ncloc="16" packages="1" files="1" classes="1"/>
    <file name="index.ts" path="/Users/pranav/Github/abtestify/src/index.ts">
      <metrics statements="16" coveredstatements="16" conditionals="14" coveredconditionals="14" methods="1" coveredmethods="1"/>
      <line num="1" count="1" type="stmt"/>
      <line num="4" count="1" type="cond" truecount="5" falsecount="0"/>
      <line num="6" count="400007" type="cond" truecount="3" falsecount="0"/>
      <line num="7" count="2" type="stmt"/>
      <line num="9" count="400005" type="cond" truecount="3" falsecount="0"/>
      <line num="10" count="2" type="stmt"/>
      <line num="13" count="400003" type="stmt"/>
      <line num="14" count="400003" type="stmt"/>
      <line num="15" count="400002" type="stmt"/>
      <line num="16" count="400002" type="stmt"/>
      <line num="17" count="400002" type="stmt"/>
      <line num="18" count="400002" type="stmt"/>
      <line num="20" count="400002" type="cond" truecount="1" falsecount="0"/>
      <line num="26" count="349933" type="cond" truecount="2" falsecount="0"/>
      <line num="28" count="349933" type="stmt"/>
      <line num="34" count="1" type="stmt"/>
    </file>
  </project>
</coverage>
