{"/Users/pranav/Github/abtestify/src/index.ts": {"path":"/Users/pranav/Github/abtestify/src/index.ts","statementMap":{"0":{"start":{"line":1,"column":0},"end":{"line":1,"column":28}},"1":{"start":{"line":4,"column":37},"end":{"line":42,"column":1}},"2":{"start":{"line":6,"column":4},"end":{"line":8,"column":5}},"3":{"start":{"line":7,"column":8},"end":{"line":7,"column":165}},"4":{"start":{"line":9,"column":4},"end":{"line":11,"column":5}},"5":{"start":{"line":10,"column":8},"end":{"line":10,"column":154}},"6":{"start":{"line":13,"column":4},"end":{"line":41,"column":5}},"7":{"start":{"line":14,"column":23},"end":{"line":14,"column":50}},"8":{"start":{"line":15,"column":26},"end":{"line":15,"column":58}},"9":{"start":{"line":16,"column":25},"end":{"line":16,"column":93}},"10":{"start":{"line":17,"column":35},"end":{"line":17,"column":90}},"11":{"start":{"line":18,"column":26},"end":{"line":18,"column":64}},"12":{"start":{"line":20,"column":8},"end":{"line":24,"column":10}},"13":{"start":{"line":20,"column":41},"end":{"line":24,"column":10}},"14":{"start":{"line":26,"column":32},"end":{"line":26,"column":108}},"15":{"start":{"line":28,"column":8},"end":{"line":32,"column":10}},"16":{"start":{"line":34,"column":8},"end":{"line":40,"column":10}},"17":{"start":{"line":4,"column":13},"end":{"line":4,"column":37}}},"fnMap":{"0":{"name":"(anonymous_1)","decl":{"start":{"line":4,"column":37},"end":{"line":4,"column":38}},"loc":{"start":{"line":4,"column":231},"end":{"line":42,"column":1}}}},"branchMap":{"0":{"loc":{"start":{"line":4,"column":66},"end":{"line":4,"column":85}},"type":"default-arg","locations":[{"start":{"line":4,"column":83},"end":{"line":4,"column":85}}]},"1":{"loc":{"start":{"line":4,"column":87},"end":{"line":4,"column":101}},"type":"default-arg","locations":[{"start":{"line":4,"column":98},"end":{"line":4,"column":101}}]},"2":{"loc":{"start":{"line":4,"column":103},"end":{"line":4,"column":137}},"type":"default-arg","locations":[{"start":{"line":4,"column":126},"end":{"line":4,"column":137}}]},"3":{"loc":{"start":{"line":4,"column":139},"end":{"line":4,"column":169}},"type":"default-arg","locations":[{"start":{"line":4,"column":160},"end":{"line":4,"column":169}}]},"4":{"loc":{"start":{"line":4,"column":171},"end":{"line":4,"column":199}},"type":"default-arg","locations":[{"start":{"line":4,"column":191},"end":{"line":4,"column":199}}]},"5":{"loc":{"start":{"line":6,"column":4},"end":{"line":8,"column":5}},"type":"if","locations":[{"start":{"line":6,"column":4},"end":{"line":8,"column":5}}]},"6":{"loc":{"start":{"line":6,"column":8},"end":{"line":6,"column":50}},"type":"binary-expr","locations":[{"start":{"line":6,"column":8},"end":{"line":6,"column":26}},{"start":{"line":6,"column":30},"end":{"line":6,"column":50}}]},"7":{"loc":{"start":{"line":9,"column":4},"end":{"line":11,"column":5}},"type":"if","locations":[{"start":{"line":9,"column":4},"end":{"line":11,"column":5}}]},"8":{"loc":{"start":{"line":9,"column":8},"end":{"line":9,"column":38}},"type":"binary-expr","locations":[{"start":{"line":9,"column":8},"end":{"line":9,"column":20}},{"start":{"line":9,"column":24},"end":{"line":9,"column":38}}]},"9":{"loc":{"start":{"line":20,"column":8},"end":{"line":24,"column":10}},"type":"if","locations":[{"start":{"line":20,"column":8},"end":{"line":24,"column":10}}]},"10":{"loc":{"start":{"line":26,"column":32},"end":{"line":26,"column":108}},"type":"cond-expr","locations":[{"start":{"line":26,"column":67},"end":{"line":26,"column":87}},{"start":{"line":26,"column":90},"end":{"line":26,"column":108}}]}},"s":{"0":1,"1":1,"2":400007,"3":2,"4":400005,"5":2,"6":400003,"7":400003,"8":400002,"9":400002,"10":400002,"11":400002,"12":400002,"13":50069,"14":349933,"15":349933,"16":1,"17":1},"f":{"0":400007},"b":{"0":[200003],"1":[300003],"2":[400007],"3":[400007],"4":[400007],"5":[2],"6":[400007,400006],"7":[2],"8":[400005,400004],"9":[50069],"10":[155045,194888]}}
}
