TN:
SF:src/index.ts
FN:4,(anonymous_1)
FNF:1
FNH:1
FNDA:400007,(anonymous_1)
DA:1,1
DA:4,1
DA:6,400007
DA:7,2
DA:9,400005
DA:10,2
DA:13,400003
DA:14,400003
DA:15,400002
DA:16,400002
DA:17,400002
DA:18,400002
DA:20,400002
DA:26,349933
DA:28,349933
DA:34,1
LF:16
LH:16
BRDA:4,0,0,200003
BRDA:4,1,0,300003
BRDA:4,2,0,400007
BRDA:4,3,0,400007
BRDA:4,4,0,400007
BRDA:6,5,0,2
BRDA:6,6,0,400007
BRDA:6,6,1,400006
BRDA:9,7,0,2
BRDA:9,8,0,400005
BRDA:9,8,1,400004
BRDA:20,9,0,50069
BRDA:26,10,0,155045
BRDA:26,10,1,194888
BRF:14
BRH:14
end_of_record
